<?xml version="1.0" encoding="UTF-8"?>
<testng-results ignored="0" total="8" passed="8" failed="0" skipped="0">
  <reporter-output>
  </reporter-output>
  <suite started-at="2024-02-12T23:04:08 IST" name="Default Suite" finished-at="2024-02-12T23:04:08 IST" duration-ms="49">
    <groups>
    </groups>
    <test started-at="2024-02-12T23:04:08 IST" name="TestngPractice" finished-at="2024-02-12T23:04:08 IST" duration-ms="49">
      <class name="Testngpract.TestngDemo">
        <test-method signature="third(org.testng.ITestContext)[pri:0, instance:Testngpract.TestngDemo@671a5887]" started-at="2024-02-12T23:04:08 IST" name="third" finished-at="2024-02-12T23:04:08 IST" duration-ms="4" status="PASS">
          <params>
            <param index="0">
              <value>
                <![CDATA[org.testng.TestRunner@791f145a]]>
              </value>
            </param>
          </params>
          <reporter-output>
          </reporter-output>
        </test-method> <!-- third -->
        <test-method signature="third(org.testng.ITestContext)[pri:0, instance:Testngpract.TestngDemo@671a5887]" started-at="2024-02-12T23:04:08 IST" name="third" finished-at="2024-02-12T23:04:08 IST" duration-ms="2" status="PASS">
          <params>
            <param index="0">
              <value>
                <![CDATA[org.testng.TestRunner@791f145a]]>
              </value>
            </param>
          </params>
          <reporter-output>
          </reporter-output>
        </test-method> <!-- third -->
        <test-method signature="third(org.testng.ITestContext)[pri:0, instance:Testngpract.TestngDemo@671a5887]" started-at="2024-02-12T23:04:08 IST" name="third" finished-at="2024-02-12T23:04:08 IST" duration-ms="0" status="PASS">
          <params>
            <param index="0">
              <value>
                <![CDATA[org.testng.TestRunner@791f145a]]>
              </value>
            </param>
          </params>
          <reporter-output>
          </reporter-output>
        </test-method> <!-- third -->
        <test-method signature="verifysecond(org.testng.ITestContext)[pri:0, instance:Testngpract.TestngDemo@671a5887]" started-at="2024-02-12T23:04:08 IST" name="verifysecond" finished-at="2024-02-12T23:04:08 IST" duration-ms="1" status="PASS">
          <params>
            <param index="0">
              <value>
                <![CDATA[org.testng.TestRunner@791f145a]]>
              </value>
            </param>
          </params>
          <reporter-output>
          </reporter-output>
        </test-method> <!-- verifysecond -->
        <test-method signature="verifysecond(org.testng.ITestContext)[pri:0, instance:Testngpract.TestngDemo@671a5887]" started-at="2024-02-12T23:04:08 IST" name="verifysecond" finished-at="2024-02-12T23:04:08 IST" duration-ms="0" status="PASS">
          <params>
            <param index="0">
              <value>
                <![CDATA[org.testng.TestRunner@791f145a]]>
              </value>
            </param>
          </params>
          <reporter-output>
          </reporter-output>
        </test-method> <!-- verifysecond -->
        <test-method signature="verifysecond(org.testng.ITestContext)[pri:0, instance:Testngpract.TestngDemo@671a5887]" started-at="2024-02-12T23:04:08 IST" name="verifysecond" finished-at="2024-02-12T23:04:08 IST" duration-ms="1" status="PASS">
          <params>
            <param index="0">
              <value>
                <![CDATA[org.testng.TestRunner@791f145a]]>
              </value>
            </param>
          </params>
          <reporter-output>
          </reporter-output>
        </test-method> <!-- verifysecond -->
        <test-method signature="verifysecond(org.testng.ITestContext)[pri:0, instance:Testngpract.TestngDemo@671a5887]" started-at="2024-02-12T23:04:08 IST" name="verifysecond" finished-at="2024-02-12T23:04:08 IST" duration-ms="0" status="PASS">
          <params>
            <param index="0">
              <value>
                <![CDATA[org.testng.TestRunner@791f145a]]>
              </value>
            </param>
          </params>
          <reporter-output>
          </reporter-output>
        </test-method> <!-- verifysecond -->
        <test-method signature="verifysecond(org.testng.ITestContext)[pri:0, instance:Testngpract.TestngDemo@671a5887]" started-at="2024-02-12T23:04:08 IST" name="verifysecond" finished-at="2024-02-12T23:04:08 IST" duration-ms="0" status="PASS">
          <params>
            <param index="0">
              <value>
                <![CDATA[org.testng.TestRunner@791f145a]]>
              </value>
            </param>
          </params>
          <reporter-output>
          </reporter-output>
        </test-method> <!-- verifysecond -->
      </class> <!-- Testngpract.TestngDemo -->
    </test> <!-- TestngPractice -->
  </suite> <!-- Default Suite -->
</testng-results>
